     1 00000000                                 [FORMAT "WCOFF"]
     2 00000000                                 [INSTRSET "i486p"]
     3 00000000                                 [OPTIMIZE 1]
     4 00000000                                 [OPTION 1]
     5 00000000                                 [BITS 32]
     6 00000000                                 	EXTERN	_init_gdtidt
     7 00000000                                 	EXTERN	_init_pic
     8 00000000                                 	EXTERN	_io_sti
     9 00000000                                 	EXTERN	_keyfifo
    10 00000000                                 	EXTERN	_fifo8_init
    11 00000000                                 	EXTERN	_mousefifo
    12 00000000                                 	EXTERN	_io_out8
    13 00000000                                 	EXTERN	_init_keyboard
    14 00000000                                 	EXTERN	_enable_mouse
    15 00000000                                 	EXTERN	_memtest
    16 00000000                                 	EXTERN	_memman_init
    17 00000000                                 	EXTERN	_memman_free
    18 00000000                                 	EXTERN	_init_palette
    19 00000000                                 	EXTERN	_shtctl_init
    20 00000000                                 	EXTERN	_sheet_alloc
    21 00000000                                 	EXTERN	_memman_alloc_4k
    22 00000000                                 	EXTERN	_sheet_setbuf
    23 00000000                                 	EXTERN	_init_screen8
    24 00000000                                 	EXTERN	_init_mouse_cursor8
    25 00000000                                 	EXTERN	_make_windows
    26 00000000                                 	EXTERN	_sheet_slide
    27 00000000                                 	EXTERN	_sheet_updown
    28 00000000                                 	EXTERN	_putfonts8_asc
    29 00000000                                 	EXTERN	_memman_total
    30 00000000                                 	EXTERN	_sprintf
    31 00000000                                 	EXTERN	_sheet_refresh
    32 00000000                                 	EXTERN	_io_cli
    33 00000000                                 	EXTERN	_fifo8_status
    34 00000000                                 	EXTERN	_fifo8_get
    35 00000000                                 	EXTERN	_mouse_decode
    36 00000000                                 	EXTERN	_boxfill8
    37 00000000                                 	EXTERN	_io_stihlt
    38 00000000                                 [FILE "bootpack.c"]
    39                                          [SECTION .data]
    40 00000000                                 LC0:
    41 00000000 54 68 61 6E 6F 73 20 4F 53 00   	DB	"Thanos OS",0x00
    42 0000000A                                 LC1:
    43 0000000A 41 75 74 68 65 72 20 54 68 61   	DB	"Auther Thanos",0x00
       00000014 6E 6F 73 00 
    44 00000018                                 LC2:
    45 00000018 57 72 69 74 65 20 69 6E 20 32   	DB	"Write in 2021.9.4",0x00
       00000022 30 32 31 2E 39 2E 34 00 
    46 0000002A                                 LC3:
    47 0000002A 6D 65 6D 6F 72 79 20 3A 20 25   	DB	"memory : %d MB, free  : %d KB",0x00
       00000034 64 20 4D 42 2C 20 66 72 65 65 
       0000003E 20 20 3A 20 25 64 20 4B 42 00 
    48 00000048                                 LC4:
    49 00000048 28 25 64 2C 20 25 64 29 00      	DB	"(%d, %d)",0x00
    50 00000051                                 LC6:
    51 00000051 5B 6C 63 72 20 25 34 64 20 25   	DB	"[lcr %4d %4d]",0x00
       0000005B 34 64 5D 00 
    52 0000005F                                 LC7:
    53 0000005F 28 25 33 64 20 25 33 64 29 00   	DB	"(%3d %3d)",0x00
    54 00000069                                 LC5:
    55 00000069 25 30 32 58 00                  	DB	"%02X",0x00
    56                                          [SECTION .text]
    57 00000000                                 	GLOBAL	_HariMain
    58 00000000                                 _HariMain:
    59 00000000 55                              	PUSH	EBP
    60 00000001 89 E5                           	MOV	EBP,ESP
    61 00000003 57                              	PUSH	EDI
    62 00000004 56                              	PUSH	ESI
    63 00000005 53                              	PUSH	EBX
    64 00000006 8D B5 FFFFFD14                  	LEA	ESI,DWORD [-748+EBP]
    65 0000000C 81 EC 000005FC                  	SUB	ESP,1532
    66 00000012 E8 [00000000]                   	CALL	_init_gdtidt
    67 00000017 E8 [00000000]                   	CALL	_init_pic
    68 0000001C E8 [00000000]                   	CALL	_io_sti
    69 00000021 8D 85 FFFFFEA4                  	LEA	EAX,DWORD [-348+EBP]
    70 00000027 50                              	PUSH	EAX
    71 00000028 6A 20                           	PUSH	32
    72 0000002A 68 [00000000]                   	PUSH	_keyfifo
    73 0000002F E8 [00000000]                   	CALL	_fifo8_init
    74 00000034 8D 85 FFFFFE24                  	LEA	EAX,DWORD [-476+EBP]
    75 0000003A 50                              	PUSH	EAX
    76 0000003B 68 00000080                     	PUSH	128
    77 00000040 68 [00000000]                   	PUSH	_mousefifo
    78 00000045 E8 [00000000]                   	CALL	_fifo8_init
    79 0000004A 68 000000F9                     	PUSH	249
    80 0000004F 6A 21                           	PUSH	33
    81 00000051 E8 [00000000]                   	CALL	_io_out8
    82 00000056 83 C4 20                        	ADD	ESP,32
    83 00000059 68 000000EF                     	PUSH	239
    84 0000005E 68 000000A1                     	PUSH	161
    85 00000063 E8 [00000000]                   	CALL	_io_out8
    86 00000068 E8 [00000000]                   	CALL	_init_keyboard
    87 0000006D E8 [00000000]                   	CALL	_enable_mouse
    88 00000072 68 BFFFFFFF                     	PUSH	-1073741825
    89 00000077 68 00400000                     	PUSH	4194304
    90 0000007C E8 [00000000]                   	CALL	_memtest
    91 00000081 68 003C0000                     	PUSH	3932160
    92 00000086 89 85 FFFFFA0C                  	MOV	DWORD [-1524+EBP],EAX
    93 0000008C E8 [00000000]                   	CALL	_memman_init
    94 00000091 68 0009E000                     	PUSH	647168
    95 00000096 68 00001000                     	PUSH	4096
    96 0000009B 68 003C0000                     	PUSH	3932160
    97 000000A0 E8 [00000000]                   	CALL	_memman_free
    98 000000A5 8B 85 FFFFFA0C                  	MOV	EAX,DWORD [-1524+EBP]
    99 000000AB 83 C4 20                        	ADD	ESP,32
   100 000000AE 2D 00400000                     	SUB	EAX,4194304
   101 000000B3 50                              	PUSH	EAX
   102 000000B4 68 00400000                     	PUSH	4194304
   103 000000B9 68 003C0000                     	PUSH	3932160
   104 000000BE E8 [00000000]                   	CALL	_memman_free
   105 000000C3 E8 [00000000]                   	CALL	_init_palette
   106 000000C8 0F BF 05 00000FF6               	MOVSX	EAX,WORD [4086]
   107 000000CF 50                              	PUSH	EAX
   108 000000D0 0F BF 05 00000FF4               	MOVSX	EAX,WORD [4084]
   109 000000D7 50                              	PUSH	EAX
   110 000000D8 FF 35 00000FF8                  	PUSH	DWORD [4088]
   111 000000DE 68 003C0000                     	PUSH	3932160
   112 000000E3 E8 [00000000]                   	CALL	_shtctl_init
   113 000000E8 89 C3                           	MOV	EBX,EAX
   114 000000EA 50                              	PUSH	EAX
   115 000000EB E8 [00000000]                   	CALL	_sheet_alloc
   116 000000F0 83 C4 20                        	ADD	ESP,32
   117 000000F3 53                              	PUSH	EBX
   118 000000F4 89 85 FFFFFA08                  	MOV	DWORD [-1528+EBP],EAX
   119 000000FA E8 [00000000]                   	CALL	_sheet_alloc
   120 000000FF 53                              	PUSH	EBX
   121 00000100 8D 9D FFFFFA14                  	LEA	EBX,DWORD [-1516+EBP]
   122 00000106 89 85 FFFFFA04                  	MOV	DWORD [-1532+EBP],EAX
   123 0000010C E8 [00000000]                   	CALL	_sheet_alloc
   124 00000111 89 C7                           	MOV	EDI,EAX
   125 00000113 0F BF 15 00000FF6               	MOVSX	EDX,WORD [4086]
   126 0000011A 0F BF 05 00000FF4               	MOVSX	EAX,WORD [4084]
   127 00000121 0F AF C2                        	IMUL	EAX,EDX
   128 00000124 50                              	PUSH	EAX
   129 00000125 68 003C0000                     	PUSH	3932160
   130 0000012A E8 [00000000]                   	CALL	_memman_alloc_4k
   131 0000012F 6A FF                           	PUSH	-1
   132 00000131 89 85 FFFFFA00                  	MOV	DWORD [-1536+EBP],EAX
   133 00000137 0F BF 05 00000FF6               	MOVSX	EAX,WORD [4086]
   134 0000013E 50                              	PUSH	EAX
   135 0000013F 0F BF 05 00000FF4               	MOVSX	EAX,WORD [4084]
   136 00000146 50                              	PUSH	EAX
   137 00000147 FF B5 FFFFFA00                  	PUSH	DWORD [-1536+EBP]
   138 0000014D FF B5 FFFFFA08                  	PUSH	DWORD [-1528+EBP]
   139 00000153 E8 [00000000]                   	CALL	_sheet_setbuf
   140 00000158 83 C4 24                        	ADD	ESP,36
   141 0000015B 6A 63                           	PUSH	99
   142 0000015D 6A 10                           	PUSH	16
   143 0000015F 6A 10                           	PUSH	16
   144 00000161 56                              	PUSH	ESI
   145 00000162 FF B5 FFFFFA04                  	PUSH	DWORD [-1532+EBP]
   146 00000168 E8 [00000000]                   	CALL	_sheet_setbuf
   147 0000016D 6A 63                           	PUSH	99
   148 0000016F 6A 10                           	PUSH	16
   149 00000171 6A 30                           	PUSH	48
   150 00000173 53                              	PUSH	EBX
   151 00000174 57                              	PUSH	EDI
   152 00000175 E8 [00000000]                   	CALL	_sheet_setbuf
   153 0000017A 83 C4 28                        	ADD	ESP,40
   154 0000017D 0F BF 05 00000FF6               	MOVSX	EAX,WORD [4086]
   155 00000184 50                              	PUSH	EAX
   156 00000185 0F BF 05 00000FF4               	MOVSX	EAX,WORD [4084]
   157 0000018C 50                              	PUSH	EAX
   158 0000018D FF B5 FFFFFA00                  	PUSH	DWORD [-1536+EBP]
   159 00000193 E8 [00000000]                   	CALL	_init_screen8
   160 00000198 6A 63                           	PUSH	99
   161 0000019A 56                              	PUSH	ESI
   162 0000019B E8 [00000000]                   	CALL	_init_mouse_cursor8
   163 000001A0 53                              	PUSH	EBX
   164 000001A1 BB 00000002                     	MOV	EBX,2
   165 000001A6 E8 [00000000]                   	CALL	_make_windows
   166 000001AB 6A 00                           	PUSH	0
   167 000001AD 6A 00                           	PUSH	0
   168 000001AF FF B5 FFFFFA08                  	PUSH	DWORD [-1528+EBP]
   169 000001B5 E8 [00000000]                   	CALL	_sheet_slide
   170 000001BA 83 C4 24                        	ADD	ESP,36
   171 000001BD 6A 64                           	PUSH	100
   172 000001BF 6A 64                           	PUSH	100
   173 000001C1 57                              	PUSH	EDI
   174 000001C2 E8 [00000000]                   	CALL	_sheet_slide
   175 000001C7 0F BF 05 00000FF4               	MOVSX	EAX,WORD [4084]
   176 000001CE 8D 48 F0                        	LEA	ECX,DWORD [-16+EAX]
   177 000001D1 89 C8                           	MOV	EAX,ECX
   178 000001D3 99                              	CDQ
   179 000001D4 F7 FB                           	IDIV	EBX
   180 000001D6 89 85 FFFFFA10                  	MOV	DWORD [-1520+EBP],EAX
   181 000001DC 0F BF 05 00000FF6               	MOVSX	EAX,WORD [4086]
   182 000001E3 8D 48 D4                        	LEA	ECX,DWORD [-44+EAX]
   183 000001E6 89 C8                           	MOV	EAX,ECX
   184 000001E8 99                              	CDQ
   185 000001E9 F7 FB                           	IDIV	EBX
   186 000001EB 50                              	PUSH	EAX
   187 000001EC 89 C6                           	MOV	ESI,EAX
   188 000001EE FF B5 FFFFFA10                  	PUSH	DWORD [-1520+EBP]
   189 000001F4 FF B5 FFFFFA04                  	PUSH	DWORD [-1532+EBP]
   190 000001FA 8D 5D C4                        	LEA	EBX,DWORD [-60+EBP]
   191 000001FD E8 [00000000]                   	CALL	_sheet_slide
   192 00000202 6A 00                           	PUSH	0
   193 00000204 FF B5 FFFFFA08                  	PUSH	DWORD [-1528+EBP]
   194 0000020A E8 [00000000]                   	CALL	_sheet_updown
   195 0000020F 83 C4 20                        	ADD	ESP,32
   196 00000212 6A 01                           	PUSH	1
   197 00000214 57                              	PUSH	EDI
   198 00000215 E8 [00000000]                   	CALL	_sheet_updown
   199 0000021A 6A 02                           	PUSH	2
   200 0000021C FF B5 FFFFFA04                  	PUSH	DWORD [-1532+EBP]
   201 00000222 E8 [00000000]                   	CALL	_sheet_updown
   202 00000227 68 [00000000]                   	PUSH	LC0
   203 0000022C 6A 07                           	PUSH	7
   204 0000022E 6A 64                           	PUSH	100
   205 00000230 68 000000B4                     	PUSH	180
   206 00000235 0F BF 05 00000FF4               	MOVSX	EAX,WORD [4084]
   207 0000023C 50                              	PUSH	EAX
   208 0000023D FF B5 FFFFFA00                  	PUSH	DWORD [-1536+EBP]
   209 00000243 E8 [00000000]                   	CALL	_putfonts8_asc
   210 00000248 83 C4 28                        	ADD	ESP,40
   211 0000024B 68 [0000000A]                   	PUSH	LC1
   212 00000250 6A 07                           	PUSH	7
   213 00000252 6A 78                           	PUSH	120
   214 00000254 68 000000B4                     	PUSH	180
   215 00000259 0F BF 05 00000FF4               	MOVSX	EAX,WORD [4084]
   216 00000260 50                              	PUSH	EAX
   217 00000261 FF B5 FFFFFA00                  	PUSH	DWORD [-1536+EBP]
   218 00000267 E8 [00000000]                   	CALL	_putfonts8_asc
   219 0000026C 68 [00000018]                   	PUSH	LC2
   220 00000271 6A 07                           	PUSH	7
   221 00000273 68 0000008C                     	PUSH	140
   222 00000278 68 000000B4                     	PUSH	180
   223 0000027D 0F BF 05 00000FF4               	MOVSX	EAX,WORD [4084]
   224 00000284 50                              	PUSH	EAX
   225 00000285 FF B5 FFFFFA00                  	PUSH	DWORD [-1536+EBP]
   226 0000028B E8 [00000000]                   	CALL	_putfonts8_asc
   227 00000290 83 C4 30                        	ADD	ESP,48
   228 00000293 68 003C0000                     	PUSH	3932160
   229 00000298 E8 [00000000]                   	CALL	_memman_total
   230 0000029D C1 AD FFFFFA0C 14               	SHR	DWORD [-1524+EBP],20
   231 000002A4 C1 E8 0A                        	SHR	EAX,10
   232 000002A7 89 04 24                        	MOV	DWORD [ESP],EAX
   233 000002AA FF B5 FFFFFA0C                  	PUSH	DWORD [-1524+EBP]
   234 000002B0 68 [0000002A]                   	PUSH	LC3
   235 000002B5 53                              	PUSH	EBX
   236 000002B6 E8 [00000000]                   	CALL	_sprintf
   237 000002BB 53                              	PUSH	EBX
   238 000002BC 6A 07                           	PUSH	7
   239 000002BE 6A 20                           	PUSH	32
   240 000002C0 6A 00                           	PUSH	0
   241 000002C2 0F BF 05 00000FF4               	MOVSX	EAX,WORD [4084]
   242 000002C9 50                              	PUSH	EAX
   243 000002CA FF B5 FFFFFA00                  	PUSH	DWORD [-1536+EBP]
   244 000002D0 E8 [00000000]                   	CALL	_putfonts8_asc
   245 000002D5 83 C4 28                        	ADD	ESP,40
   246 000002D8 56                              	PUSH	ESI
   247 000002D9 FF B5 FFFFFA10                  	PUSH	DWORD [-1520+EBP]
   248 000002DF 68 [00000048]                   	PUSH	LC4
   249 000002E4 53                              	PUSH	EBX
   250 000002E5 E8 [00000000]                   	CALL	_sprintf
   251 000002EA 53                              	PUSH	EBX
   252 000002EB 6A 07                           	PUSH	7
   253 000002ED 6A 46                           	PUSH	70
   254 000002EF 6A 14                           	PUSH	20
   255 000002F1 0F BF 05 00000FF4               	MOVSX	EAX,WORD [4084]
   256 000002F8 50                              	PUSH	EAX
   257 000002F9 FF B5 FFFFFA00                  	PUSH	DWORD [-1536+EBP]
   258 000002FF E8 [00000000]                   	CALL	_putfonts8_asc
   259 00000304 83 C4 28                        	ADD	ESP,40
   260 00000307 0F BF 05 00000FF6               	MOVSX	EAX,WORD [4086]
   261 0000030E 50                              	PUSH	EAX
   262 0000030F 0F BF 05 00000FF4               	MOVSX	EAX,WORD [4084]
   263 00000316 50                              	PUSH	EAX
   264 00000317 6A 00                           	PUSH	0
   265 00000319 6A 00                           	PUSH	0
   266 0000031B FF B5 FFFFFA08                  	PUSH	DWORD [-1528+EBP]
   267 00000321 E8 [00000000]                   	CALL	_sheet_refresh
   268 00000326 83 C4 14                        	ADD	ESP,20
   269 00000329                                 L2:
   270 00000329 E8 [00000000]                   	CALL	_io_cli
   271 0000032E 68 [00000000]                   	PUSH	_keyfifo
   272 00000333 E8 [00000000]                   	CALL	_fifo8_status
   273 00000338 68 [00000000]                   	PUSH	_mousefifo
   274 0000033D 89 C3                           	MOV	EBX,EAX
   275 0000033F E8 [00000000]                   	CALL	_fifo8_status
   276 00000344 8D 04 18                        	LEA	EAX,DWORD [EAX+EBX*1]
   277 00000347 5B                              	POP	EBX
   278 00000348 5F                              	POP	EDI
   279 00000349 85 C0                           	TEST	EAX,EAX
   280 0000034B 0F 84 00000231                  	JE	L18
   281 00000351 68 [00000000]                   	PUSH	_keyfifo
   282 00000356 E8 [00000000]                   	CALL	_fifo8_status
   283 0000035B 59                              	POP	ECX
   284 0000035C 85 C0                           	TEST	EAX,EAX
   285 0000035E 0F 85 000001A9                  	JNE	L19
   286 00000364 68 [00000000]                   	PUSH	_mousefifo
   287 00000369 E8 [00000000]                   	CALL	_fifo8_status
   288 0000036E 5A                              	POP	EDX
   289 0000036F 85 C0                           	TEST	EAX,EAX
   290 00000371 74 B6                           	JE	L2
   291 00000373 68 [00000000]                   	PUSH	_mousefifo
   292 00000378 E8 [00000000]                   	CALL	_fifo8_get
   293 0000037D 89 C3                           	MOV	EBX,EAX
   294 0000037F E8 [00000000]                   	CALL	_io_sti
   295 00000384 0F B6 C3                        	MOVZX	EAX,BL
   296 00000387 50                              	PUSH	EAX
   297 00000388 8D 85 FFFFFE14                  	LEA	EAX,DWORD [-492+EBP]
   298 0000038E 50                              	PUSH	EAX
   299 0000038F E8 [00000000]                   	CALL	_mouse_decode
   300 00000394 83 C4 0C                        	ADD	ESP,12
   301 00000397 85 C0                           	TEST	EAX,EAX
   302 00000399 74 8E                           	JE	L2
   303 0000039B FF B5 FFFFFE1C                  	PUSH	DWORD [-484+EBP]
   304 000003A1 FF B5 FFFFFE18                  	PUSH	DWORD [-488+EBP]
   305 000003A7 68 [00000051]                   	PUSH	LC6
   306 000003AC 8D 5D C4                        	LEA	EBX,DWORD [-60+EBP]
   307 000003AF 53                              	PUSH	EBX
   308 000003B0 E8 [00000000]                   	CALL	_sprintf
   309 000003B5 83 C4 10                        	ADD	ESP,16
   310 000003B8 8B 85 FFFFFE20                  	MOV	EAX,DWORD [-480+EBP]
   311 000003BE A9 00000001                     	TEST	EAX,1
   312 000003C3 74 04                           	JE	L11
   313 000003C5 C6 45 C5 4C                     	MOV	BYTE [-59+EBP],76
   314 000003C9                                 L11:
   315 000003C9 A9 00000002                     	TEST	EAX,2
   316 000003CE 74 04                           	JE	L12
   317 000003D0 C6 45 C7 52                     	MOV	BYTE [-57+EBP],82
   318 000003D4                                 L12:
   319 000003D4 83 E0 04                        	AND	EAX,4
   320 000003D7 74 04                           	JE	L13
   321 000003D9 C6 45 C6 43                     	MOV	BYTE [-58+EBP],67
   322 000003DD                                 L13:
   323 000003DD 6A 1F                           	PUSH	31
   324 000003DF 68 00000097                     	PUSH	151
   325 000003E4 6A 10                           	PUSH	16
   326 000003E6 6A 20                           	PUSH	32
   327 000003E8 6A 0E                           	PUSH	14
   328 000003EA 0F BF 05 00000FF4               	MOVSX	EAX,WORD [4084]
   329 000003F1 50                              	PUSH	EAX
   330 000003F2 FF B5 FFFFFA00                  	PUSH	DWORD [-1536+EBP]
   331 000003F8 E8 [00000000]                   	CALL	_boxfill8
   332 000003FD 53                              	PUSH	EBX
   333 000003FE 6A 07                           	PUSH	7
   334 00000400 6A 10                           	PUSH	16
   335 00000402 6A 20                           	PUSH	32
   336 00000404 0F BF 05 00000FF4               	MOVSX	EAX,WORD [4084]
   337 0000040B 50                              	PUSH	EAX
   338 0000040C FF B5 FFFFFA00                  	PUSH	DWORD [-1536+EBP]
   339 00000412 E8 [00000000]                   	CALL	_putfonts8_asc
   340 00000417 83 C4 34                        	ADD	ESP,52
   341 0000041A 6A 20                           	PUSH	32
   342 0000041C 68 00000098                     	PUSH	152
   343 00000421 6A 10                           	PUSH	16
   344 00000423 6A 20                           	PUSH	32
   345 00000425 FF B5 FFFFFA08                  	PUSH	DWORD [-1528+EBP]
   346 0000042B E8 [00000000]                   	CALL	_sheet_refresh
   347 00000430 8B 85 FFFFFE18                  	MOV	EAX,DWORD [-488+EBP]
   348 00000436 03 B5 FFFFFE1C                  	ADD	ESI,DWORD [-484+EBP]
   349 0000043C 83 C4 14                        	ADD	ESP,20
   350 0000043F 01 85 FFFFFA10                  	ADD	DWORD [-1520+EBP],EAX
   351 00000445 0F 88 000000B3                  	JS	L20
   352 0000044B                                 L14:
   353 0000044B 85 F6                           	TEST	ESI,ESI
   354 0000044D 0F 88 000000A4                  	JS	L21
   355 00000453                                 L15:
   356 00000453 0F BF 05 00000FF4               	MOVSX	EAX,WORD [4084]
   357 0000045A 83 E8 10                        	SUB	EAX,16
   358 0000045D 39 85 FFFFFA10                  	CMP	DWORD [-1520+EBP],EAX
   359 00000463 7E 06                           	JLE	L16
   360 00000465 89 85 FFFFFA10                  	MOV	DWORD [-1520+EBP],EAX
   361 0000046B                                 L16:
   362 0000046B 0F BF 05 00000FF6               	MOVSX	EAX,WORD [4086]
   363 00000472 83 E8 10                        	SUB	EAX,16
   364 00000475 39 C6                           	CMP	ESI,EAX
   365 00000477 7E 02                           	JLE	L17
   366 00000479 89 C6                           	MOV	ESI,EAX
   367 0000047B                                 L17:
   368 0000047B 56                              	PUSH	ESI
   369 0000047C FF B5 FFFFFA10                  	PUSH	DWORD [-1520+EBP]
   370 00000482 68 [0000005F]                   	PUSH	LC7
   371 00000487 53                              	PUSH	EBX
   372 00000488 E8 [00000000]                   	CALL	_sprintf
   373 0000048D 6A 0F                           	PUSH	15
   374 0000048F 6A 4F                           	PUSH	79
   375 00000491 6A 00                           	PUSH	0
   376 00000493 6A 00                           	PUSH	0
   377 00000495 6A 0E                           	PUSH	14
   378 00000497 0F BF 05 00000FF4               	MOVSX	EAX,WORD [4084]
   379 0000049E 50                              	PUSH	EAX
   380 0000049F FF B5 FFFFFA00                  	PUSH	DWORD [-1536+EBP]
   381 000004A5 E8 [00000000]                   	CALL	_boxfill8
   382 000004AA 83 C4 2C                        	ADD	ESP,44
   383 000004AD 53                              	PUSH	EBX
   384 000004AE 6A 07                           	PUSH	7
   385 000004B0 6A 00                           	PUSH	0
   386 000004B2 6A 00                           	PUSH	0
   387 000004B4 0F BF 05 00000FF4               	MOVSX	EAX,WORD [4084]
   388 000004BB 50                              	PUSH	EAX
   389 000004BC FF B5 FFFFFA00                  	PUSH	DWORD [-1536+EBP]
   390 000004C2 E8 [00000000]                   	CALL	_putfonts8_asc
   391 000004C7 6A 10                           	PUSH	16
   392 000004C9 6A 50                           	PUSH	80
   393 000004CB 6A 00                           	PUSH	0
   394 000004CD 6A 00                           	PUSH	0
   395 000004CF FF B5 FFFFFA08                  	PUSH	DWORD [-1528+EBP]
   396 000004D5 E8 [00000000]                   	CALL	_sheet_refresh
   397 000004DA 83 C4 2C                        	ADD	ESP,44
   398 000004DD 56                              	PUSH	ESI
   399 000004DE FF B5 FFFFFA10                  	PUSH	DWORD [-1520+EBP]
   400 000004E4 FF B5 FFFFFA04                  	PUSH	DWORD [-1532+EBP]
   401 000004EA E8 [00000000]                   	CALL	_sheet_slide
   402 000004EF 83 C4 0C                        	ADD	ESP,12
   403 000004F2 E9 FFFFFE32                     	JMP	L2
   404 000004F7                                 L21:
   405 000004F7 31 F6                           	XOR	ESI,ESI
   406 000004F9 E9 FFFFFF55                     	JMP	L15
   407 000004FE                                 L20:
   408 000004FE C7 85 FFFFFA10 00000000         	MOV	DWORD [-1520+EBP],0
   409 00000508 E9 FFFFFF3E                     	JMP	L14
   410 0000050D                                 L19:
   411 0000050D 68 [00000000]                   	PUSH	_keyfifo
   412 00000512 E8 [00000000]                   	CALL	_fifo8_get
   413 00000517 89 C3                           	MOV	EBX,EAX
   414 00000519 E8 [00000000]                   	CALL	_io_sti
   415 0000051E 53                              	PUSH	EBX
   416 0000051F 8D 5D C4                        	LEA	EBX,DWORD [-60+EBP]
   417 00000522 68 [00000069]                   	PUSH	LC5
   418 00000527 53                              	PUSH	EBX
   419 00000528 E8 [00000000]                   	CALL	_sprintf
   420 0000052D 6A 1F                           	PUSH	31
   421 0000052F 6A 0F                           	PUSH	15
   422 00000531 6A 10                           	PUSH	16
   423 00000533 6A 00                           	PUSH	0
   424 00000535 6A 0E                           	PUSH	14
   425 00000537 0F BF 05 00000FF4               	MOVSX	EAX,WORD [4084]
   426 0000053E 50                              	PUSH	EAX
   427 0000053F FF B5 FFFFFA00                  	PUSH	DWORD [-1536+EBP]
   428 00000545 E8 [00000000]                   	CALL	_boxfill8
   429 0000054A 83 C4 2C                        	ADD	ESP,44
   430 0000054D 53                              	PUSH	EBX
   431 0000054E 6A 07                           	PUSH	7
   432 00000550 6A 10                           	PUSH	16
   433 00000552 6A 00                           	PUSH	0
   434 00000554 0F BF 05 00000FF4               	MOVSX	EAX,WORD [4084]
   435 0000055B 50                              	PUSH	EAX
   436 0000055C FF B5 FFFFFA00                  	PUSH	DWORD [-1536+EBP]
   437 00000562 E8 [00000000]                   	CALL	_putfonts8_asc
   438 00000567 6A 20                           	PUSH	32
   439 00000569 6A 10                           	PUSH	16
   440 0000056B 6A 10                           	PUSH	16
   441 0000056D 6A 00                           	PUSH	0
   442 0000056F FF B5 FFFFFA08                  	PUSH	DWORD [-1528+EBP]
   443 00000575 E8 [00000000]                   	CALL	_sheet_refresh
   444 0000057A 83 C4 2C                        	ADD	ESP,44
   445 0000057D E9 FFFFFDA7                     	JMP	L2
   446 00000582                                 L18:
   447 00000582 E8 [00000000]                   	CALL	_io_stihlt
   448 00000587 E9 FFFFFD9D                     	JMP	L2
