     1 00000000                                 [FORMAT "WCOFF"]
     2 00000000                                 [INSTRSET "i486p"]
     3 00000000                                 [OPTIMIZE 1]
     4 00000000                                 [OPTION 1]
     5 00000000                                 [BITS 32]
     6 00000000                                 	EXTERN	_memman_alloc_4k
     7 00000000                                 [FILE "sheet.c"]
     8                                          [SECTION .text]
     9 00000000                                 	GLOBAL	_shtctl_init
    10 00000000                                 _shtctl_init:
    11 00000000 55                              	PUSH	EBP
    12 00000001 89 E5                           	MOV	EBP,ESP
    13 00000003 68 00002810                     	PUSH	10256
    14 00000008 FF 75 08                        	PUSH	DWORD [8+EBP]
    15 0000000B E8 [00000000]                   	CALL	_memman_alloc_4k
    16 00000010 89 C2                           	MOV	EDX,EAX
    17 00000012 58                              	POP	EAX
    18 00000013 59                              	POP	ECX
    19 00000014 85 D2                           	TEST	EDX,EDX
    20 00000016 74 37                           	JE	L3
    21 00000018 8B 45 0C                        	MOV	EAX,DWORD [12+EBP]
    22 0000001B 8D 8A 000023DC                  	LEA	ECX,DWORD [9180+EDX]
    23 00000021 89 02                           	MOV	DWORD [EDX],EAX
    24 00000023 8B 45 10                        	MOV	EAX,DWORD [16+EBP]
    25 00000026 89 42 04                        	MOV	DWORD [4+EDX],EAX
    26 00000029 8B 45 14                        	MOV	EAX,DWORD [20+EBP]
    27 0000002C 89 42 08                        	MOV	DWORD [8+EDX],EAX
    28 0000002F 89 D0                           	MOV	EAX,EDX
    29 00000031 C7 42 0C FFFFFFFF               	MOV	DWORD [12+EDX],-1
    30 00000038                                 L8:
    31 00000038 C7 80 0000042C 00000000         	MOV	DWORD [1068+EAX],0
    32 00000042 89 90 00000430                  	MOV	DWORD [1072+EAX],EDX
    33 00000048 83 C0 24                        	ADD	EAX,36
    34 0000004B 39 C8                           	CMP	EAX,ECX
    35 0000004D 7E E9                           	JLE	L8
    36 0000004F                                 L3:
    37 0000004F 89 D0                           	MOV	EAX,EDX
    38 00000051 C9                              	LEAVE
    39 00000052 C3                              	RET
    40 00000053                                 	GLOBAL	_sheet_alloc
    41 00000053                                 _sheet_alloc:
    42 00000053 55                              	PUSH	EBP
    43 00000054 31 D2                           	XOR	EDX,EDX
    44 00000056 89 E5                           	MOV	EBP,ESP
    45 00000058 8B 45 08                        	MOV	EAX,DWORD [8+EBP]
    46 0000005B 05 00000410                     	ADD	EAX,1040
    47 00000060                                 L16:
    48 00000060 83 78 1C 00                     	CMP	DWORD [28+EAX],0
    49 00000064 74 10                           	JE	L19
    50 00000066 42                              	INC	EDX
    51 00000067 83 C0 24                        	ADD	EAX,36
    52 0000006A 81 FA 000000FF                  	CMP	EDX,255
    53 00000070 7E EE                           	JLE	L16
    54 00000072 31 C0                           	XOR	EAX,EAX
    55 00000074                                 L10:
    56 00000074 5D                              	POP	EBP
    57 00000075 C3                              	RET
    58 00000076                                 L19:
    59 00000076 C7 40 1C 00000001               	MOV	DWORD [28+EAX],1
    60 0000007D C7 40 18 FFFFFFFF               	MOV	DWORD [24+EAX],-1
    61 00000084 EB EE                           	JMP	L10
    62 00000086                                 	GLOBAL	_sheet_setbuf
    63 00000086                                 _sheet_setbuf:
    64 00000086 55                              	PUSH	EBP
    65 00000087 89 E5                           	MOV	EBP,ESP
    66 00000089 8B 55 08                        	MOV	EDX,DWORD [8+EBP]
    67 0000008C 8B 45 0C                        	MOV	EAX,DWORD [12+EBP]
    68 0000008F 89 02                           	MOV	DWORD [EDX],EAX
    69 00000091 8B 45 10                        	MOV	EAX,DWORD [16+EBP]
    70 00000094 89 42 04                        	MOV	DWORD [4+EDX],EAX
    71 00000097 8B 45 14                        	MOV	EAX,DWORD [20+EBP]
    72 0000009A 89 42 08                        	MOV	DWORD [8+EDX],EAX
    73 0000009D 8B 45 18                        	MOV	EAX,DWORD [24+EBP]
    74 000000A0 89 42 14                        	MOV	DWORD [20+EDX],EAX
    75 000000A3 5D                              	POP	EBP
    76 000000A4 C3                              	RET
    77 000000A5                                 	GLOBAL	_sheet_updown
    78 000000A5                                 _sheet_updown:
    79 000000A5 55                              	PUSH	EBP
    80 000000A6 89 E5                           	MOV	EBP,ESP
    81 000000A8 57                              	PUSH	EDI
    82 000000A9 56                              	PUSH	ESI
    83 000000AA 8B 7D 08                        	MOV	EDI,DWORD [8+EBP]
    84 000000AD 53                              	PUSH	EBX
    85 000000AE 8B 4D 0C                        	MOV	ECX,DWORD [12+EBP]
    86 000000B1 8B 5F 20                        	MOV	EBX,DWORD [32+EDI]
    87 000000B4 8B 77 18                        	MOV	ESI,DWORD [24+EDI]
    88 000000B7 8B 43 0C                        	MOV	EAX,DWORD [12+EBX]
    89 000000BA 40                              	INC	EAX
    90 000000BB 39 C1                           	CMP	ECX,EAX
    91 000000BD 7E 02                           	JLE	L22
    92 000000BF 89 C1                           	MOV	ECX,EAX
    93 000000C1                                 L22:
    94 000000C1 83 F9 FF                        	CMP	ECX,-1
    95 000000C4 7D 03                           	JGE	L23
    96 000000C6 83 C9 FF                        	OR	ECX,-1
    97 000000C9                                 L23:
    98 000000C9 89 4F 18                        	MOV	DWORD [24+EDI],ECX
    99 000000CC 39 CE                           	CMP	ESI,ECX
   100 000000CE 7E 66                           	JLE	L24
   101 000000D0 85 C9                           	TEST	ECX,ECX
   102 000000D2 78 1E                           	JS	L25
   103 000000D4 89 F2                           	MOV	EDX,ESI
   104 000000D6                                 L30:
   105 000000D6 8B 44 93 0C                     	MOV	EAX,DWORD [12+EBX+EDX*4]
   106 000000DA 89 44 93 10                     	MOV	DWORD [16+EBX+EDX*4],EAX
   107 000000DE 89 50 18                        	MOV	DWORD [24+EAX],EDX
   108 000000E1 4A                              	DEC	EDX
   109 000000E2 39 CA                           	CMP	EDX,ECX
   110 000000E4 7F F0                           	JG	L30
   111 000000E6 89 7C 8B 10                     	MOV	DWORD [16+EBX+ECX*4],EDI
   112 000000EA                                 L21:
   113 000000EA 8D 65 F4                        	LEA	ESP,DWORD [-12+EBP]
   114 000000ED 5B                              	POP	EBX
   115 000000EE 5E                              	POP	ESI
   116 000000EF 5F                              	POP	EDI
   117 000000F0 5D                              	POP	EBP
   118 000000F1 C3                              	RET
   119 000000F2                                 L25:
   120 000000F2 39 73 0C                        	CMP	DWORD [12+EBX],ESI
   121 000000F5 7E 1D                           	JLE	L32
   122 000000F7                                 L42:
   123 000000F7 89 F2                           	MOV	EDX,ESI
   124 000000F9 3B 73 0C                        	CMP	ESI,DWORD [12+EBX]
   125 000000FC 7D 11                           	JGE	L61
   126 000000FE                                 L41:
   127 000000FE 8B 44 93 14                     	MOV	EAX,DWORD [20+EBX+EDX*4]
   128 00000102 89 44 93 10                     	MOV	DWORD [16+EBX+EDX*4],EAX
   129 00000106 89 50 18                        	MOV	DWORD [24+EAX],EDX
   130 00000109 42                              	INC	EDX
   131 0000010A 3B 53 0C                        	CMP	EDX,DWORD [12+EBX]
   132 0000010D 7C EF                           	JL	L41
   133 0000010F                                 L61:
   134 0000010F 42                              	INC	EDX
   135 00000110 39 CA                           	CMP	EDX,ECX
   136 00000112 7F E3                           	JG	L42
   137 00000114                                 L32:
   138 00000114 FF 4B 0C                        	DEC	DWORD [12+EBX]
   139 00000117                                 L51:
   140 00000117 8B 4F 10                        	MOV	ECX,DWORD [16+EDI]
   141 0000011A 89 C8                           	MOV	EAX,ECX
   142 0000011C 03 47 08                        	ADD	EAX,DWORD [8+EDI]
   143 0000011F 50                              	PUSH	EAX
   144 00000120 8B 57 0C                        	MOV	EDX,DWORD [12+EDI]
   145 00000123 89 D0                           	MOV	EAX,EDX
   146 00000125 03 47 04                        	ADD	EAX,DWORD [4+EDI]
   147 00000128 50                              	PUSH	EAX
   148 00000129 51                              	PUSH	ECX
   149 0000012A 52                              	PUSH	EDX
   150 0000012B 57                              	PUSH	EDI
   151 0000012C E8 00000043                     	CALL	_sheet_refresh
   152 00000131 83 C4 14                        	ADD	ESP,20
   153 00000134 EB B4                           	JMP	L21
   154 00000136                                 L24:
   155 00000136 39 CE                           	CMP	ESI,ECX
   156 00000138 7D B0                           	JGE	L21
   157 0000013A 85 F6                           	TEST	ESI,ESI
   158 0000013C 78 15                           	JS	L45
   159 0000013E 89 F2                           	MOV	EDX,ESI
   160 00000140 39 CE                           	CMP	ESI,ECX
   161 00000142 7D 09                           	JGE	L63
   162 00000144                                 L50:
   163 00000144 89 54 93 10                     	MOV	DWORD [16+EBX+EDX*4],EDX
   164 00000148 42                              	INC	EDX
   165 00000149 39 CA                           	CMP	EDX,ECX
   166 0000014B 7C F7                           	JL	L50
   167 0000014D                                 L63:
   168 0000014D 89 7C 8B 10                     	MOV	DWORD [16+EBX+ECX*4],EDI
   169 00000151 EB C4                           	JMP	L51
   170 00000153                                 L45:
   171 00000153 8B 73 0C                        	MOV	ESI,DWORD [12+EBX]
   172 00000156 89 F2                           	MOV	EDX,ESI
   173 00000158 39 CE                           	CMP	ESI,ECX
   174 0000015A 7E 0C                           	JLE	L65
   175 0000015C                                 L56:
   176 0000015C 8D 42 01                        	LEA	EAX,DWORD [1+EDX]
   177 0000015F 89 44 93 14                     	MOV	DWORD [20+EBX+EDX*4],EAX
   178 00000163 4A                              	DEC	EDX
   179 00000164 39 CA                           	CMP	EDX,ECX
   180 00000166 7F F4                           	JG	L56
   181 00000168                                 L65:
   182 00000168 8D 46 01                        	LEA	EAX,DWORD [1+ESI]
   183 0000016B 89 7C 8B 10                     	MOV	DWORD [16+EBX+ECX*4],EDI
   184 0000016F 89 43 0C                        	MOV	DWORD [12+EBX],EAX
   185 00000172 EB A3                           	JMP	L51
   186 00000174                                 	GLOBAL	_sheet_refresh
   187 00000174                                 _sheet_refresh:
   188 00000174 55                              	PUSH	EBP
   189 00000175 89 E5                           	MOV	EBP,ESP
   190 00000177 57                              	PUSH	EDI
   191 00000178 56                              	PUSH	ESI
   192 00000179 53                              	PUSH	EBX
   193 0000017A 57                              	PUSH	EDI
   194 0000017B 8B 55 08                        	MOV	EDX,DWORD [8+EBP]
   195 0000017E 8B 45 0C                        	MOV	EAX,DWORD [12+EBP]
   196 00000181 89 45 F0                        	MOV	DWORD [-16+EBP],EAX
   197 00000184 8B 75 10                        	MOV	ESI,DWORD [16+EBP]
   198 00000187 8B 5D 14                        	MOV	EBX,DWORD [20+EBP]
   199 0000018A 8B 45 18                        	MOV	EAX,DWORD [24+EBP]
   200 0000018D 8B 7A 20                        	MOV	EDI,DWORD [32+EDX]
   201 00000190 83 7A 18 00                     	CMP	DWORD [24+EDX],0
   202 00000194 78 2A                           	JS	L66
   203 00000196 8B 4A 10                        	MOV	ECX,DWORD [16+EDX]
   204 00000199 8B 52 0C                        	MOV	EDX,DWORD [12+EDX]
   205 0000019C 89 7D 08                        	MOV	DWORD [8+EBP],EDI
   206 0000019F 8D 04 08                        	LEA	EAX,DWORD [EAX+ECX*1]
   207 000001A2 01 F1                           	ADD	ECX,ESI
   208 000001A4 89 45 18                        	MOV	DWORD [24+EBP],EAX
   209 000001A7 89 4D 10                        	MOV	DWORD [16+EBP],ECX
   210 000001AA 8D 04 13                        	LEA	EAX,DWORD [EBX+EDX*1]
   211 000001AD 03 55 F0                        	ADD	EDX,DWORD [-16+EBP]
   212 000001B0 89 45 14                        	MOV	DWORD [20+EBP],EAX
   213 000001B3 89 55 0C                        	MOV	DWORD [12+EBP],EDX
   214 000001B6 5E                              	POP	ESI
   215 000001B7 5B                              	POP	EBX
   216 000001B8 5E                              	POP	ESI
   217 000001B9 5F                              	POP	EDI
   218 000001BA 5D                              	POP	EBP
   219 000001BB E9 00000088                     	JMP	_sheet_refreshsub
   220 000001C0                                 L66:
   221 000001C0 5B                              	POP	EBX
   222 000001C1 5B                              	POP	EBX
   223 000001C2 5E                              	POP	ESI
   224 000001C3 5F                              	POP	EDI
   225 000001C4 5D                              	POP	EBP
   226 000001C5 C3                              	RET
   227 000001C6                                 	GLOBAL	_sheet_slide
   228 000001C6                                 _sheet_slide:
   229 000001C6 55                              	PUSH	EBP
   230 000001C7 89 E5                           	MOV	EBP,ESP
   231 000001C9 57                              	PUSH	EDI
   232 000001CA 56                              	PUSH	ESI
   233 000001CB 53                              	PUSH	EBX
   234 000001CC 50                              	PUSH	EAX
   235 000001CD 8B 5D 08                        	MOV	EBX,DWORD [8+EBP]
   236 000001D0 8B 7D 0C                        	MOV	EDI,DWORD [12+EBP]
   237 000001D3 8B 75 10                        	MOV	ESI,DWORD [16+EBP]
   238 000001D6 8B 43 20                        	MOV	EAX,DWORD [32+EBX]
   239 000001D9 8B 4B 0C                        	MOV	ECX,DWORD [12+EBX]
   240 000001DC 8B 53 10                        	MOV	EDX,DWORD [16+EBX]
   241 000001DF 89 45 F0                        	MOV	DWORD [-16+EBP],EAX
   242 000001E2 89 7B 0C                        	MOV	DWORD [12+EBX],EDI
   243 000001E5 89 73 10                        	MOV	DWORD [16+EBX],ESI
   244 000001E8 83 7B 18 00                     	CMP	DWORD [24+EBX],0
   245 000001EC 78 2F                           	JS	L68
   246 000001EE 89 D0                           	MOV	EAX,EDX
   247 000001F0 03 43 08                        	ADD	EAX,DWORD [8+EBX]
   248 000001F3 50                              	PUSH	EAX
   249 000001F4 89 C8                           	MOV	EAX,ECX
   250 000001F6 03 43 04                        	ADD	EAX,DWORD [4+EBX]
   251 000001F9 50                              	PUSH	EAX
   252 000001FA 52                              	PUSH	EDX
   253 000001FB 51                              	PUSH	ECX
   254 000001FC FF 75 F0                        	PUSH	DWORD [-16+EBP]
   255 000001FF E8 00000044                     	CALL	_sheet_refreshsub
   256 00000204 89 F0                           	MOV	EAX,ESI
   257 00000206 03 43 08                        	ADD	EAX,DWORD [8+EBX]
   258 00000209 50                              	PUSH	EAX
   259 0000020A 89 F8                           	MOV	EAX,EDI
   260 0000020C 03 43 04                        	ADD	EAX,DWORD [4+EBX]
   261 0000020F 50                              	PUSH	EAX
   262 00000210 56                              	PUSH	ESI
   263 00000211 57                              	PUSH	EDI
   264 00000212 FF 75 F0                        	PUSH	DWORD [-16+EBP]
   265 00000215 E8 0000002E                     	CALL	_sheet_refreshsub
   266 0000021A 83 C4 28                        	ADD	ESP,40
   267 0000021D                                 L68:
   268 0000021D 8D 65 F4                        	LEA	ESP,DWORD [-12+EBP]
   269 00000220 5B                              	POP	EBX
   270 00000221 5E                              	POP	ESI
   271 00000222 5F                              	POP	EDI
   272 00000223 5D                              	POP	EBP
   273 00000224 C3                              	RET
   274 00000225                                 	GLOBAL	_sheet_free
   275 00000225                                 _sheet_free:
   276 00000225 55                              	PUSH	EBP
   277 00000226 89 E5                           	MOV	EBP,ESP
   278 00000228 53                              	PUSH	EBX
   279 00000229 8B 5D 08                        	MOV	EBX,DWORD [8+EBP]
   280 0000022C 83 7B 18 00                     	CMP	DWORD [24+EBX],0
   281 00000230 78 0A                           	JS	L71
   282 00000232 6A FF                           	PUSH	-1
   283 00000234 53                              	PUSH	EBX
   284 00000235 E8 FFFFFE6B                     	CALL	_sheet_updown
   285 0000023A 58                              	POP	EAX
   286 0000023B 5A                              	POP	EDX
   287 0000023C                                 L71:
   288 0000023C C7 43 1C 00000000               	MOV	DWORD [28+EBX],0
   289 00000243 8B 5D FC                        	MOV	EBX,DWORD [-4+EBP]
   290 00000246 C9                              	LEAVE
   291 00000247 C3                              	RET
   292 00000248                                 	GLOBAL	_sheet_refreshsub
   293 00000248                                 _sheet_refreshsub:
   294 00000248 55                              	PUSH	EBP
   295 00000249 89 E5                           	MOV	EBP,ESP
   296 0000024B 57                              	PUSH	EDI
   297 0000024C 56                              	PUSH	ESI
   298 0000024D 53                              	PUSH	EBX
   299 0000024E 83 EC 28                        	SUB	ESP,40
   300 00000251 8B 45 08                        	MOV	EAX,DWORD [8+EBP]
   301 00000254 83 7D 0C 00                     	CMP	DWORD [12+EBP],0
   302 00000258 8B 00                           	MOV	EAX,DWORD [EAX]
   303 0000025A 89 45 D8                        	MOV	DWORD [-40+EBP],EAX
   304 0000025D 0F 88 00000128                  	JS	L103
   305 00000263                                 L73:
   306 00000263 83 7D 10 00                     	CMP	DWORD [16+EBP],0
   307 00000267 0F 88 00000112                  	JS	L104
   308 0000026D                                 L74:
   309 0000026D 8B 55 08                        	MOV	EDX,DWORD [8+EBP]
   310 00000270 8B 42 04                        	MOV	EAX,DWORD [4+EDX]
   311 00000273 39 45 14                        	CMP	DWORD [20+EBP],EAX
   312 00000276 7E 03                           	JLE	L75
   313 00000278 89 45 14                        	MOV	DWORD [20+EBP],EAX
   314 0000027B                                 L75:
   315 0000027B 8B 75 08                        	MOV	ESI,DWORD [8+EBP]
   316 0000027E 8B 46 08                        	MOV	EAX,DWORD [8+ESI]
   317 00000281 39 45 18                        	CMP	DWORD [24+EBP],EAX
   318 00000284 7E 03                           	JLE	L76
   319 00000286 89 45 18                        	MOV	DWORD [24+EBP],EAX
   320 00000289                                 L76:
   321 00000289 8B 45 08                        	MOV	EAX,DWORD [8+EBP]
   322 0000028C 31 FF                           	XOR	EDI,EDI
   323 0000028E C7 45 F0 00000000               	MOV	DWORD [-16+EBP],0
   324 00000295 3B 78 0C                        	CMP	EDI,DWORD [12+EAX]
   325 00000298 0F 8F 000000C6                  	JG	L98
   326 0000029E                                 L96:
   327 0000029E 8B 55 F0                        	MOV	EDX,DWORD [-16+EBP]
   328 000002A1 8B 75 08                        	MOV	ESI,DWORD [8+EBP]
   329 000002A4 8B 5D 10                        	MOV	EBX,DWORD [16+EBP]
   330 000002A7 8B 4C 96 10                     	MOV	ECX,DWORD [16+ESI+EDX*4]
   331 000002AB 8B 75 14                        	MOV	ESI,DWORD [20+EBP]
   332 000002AE 8B 39                           	MOV	EDI,DWORD [ECX]
   333 000002B0 8B 51 10                        	MOV	EDX,DWORD [16+ECX]
   334 000002B3 89 7D E0                        	MOV	DWORD [-32+EBP],EDI
   335 000002B6 8B 41 0C                        	MOV	EAX,DWORD [12+ECX]
   336 000002B9 8B 7D 18                        	MOV	EDI,DWORD [24+EBP]
   337 000002BC 29 D3                           	SUB	EBX,EDX
   338 000002BE 29 D7                           	SUB	EDI,EDX
   339 000002C0 29 C6                           	SUB	ESI,EAX
   340 000002C2 8B 55 0C                        	MOV	EDX,DWORD [12+EBP]
   341 000002C5 89 75 CC                        	MOV	DWORD [-52+EBP],ESI
   342 000002C8 29 C2                           	SUB	EDX,EAX
   343 000002CA 89 7D D4                        	MOV	DWORD [-44+EBP],EDI
   344 000002CD 89 55 E4                        	MOV	DWORD [-28+EBP],EDX
   345 000002D0 0F 88 0000009D                  	JS	L105
   346 000002D6                                 L81:
   347 000002D6 85 DB                           	TEST	EBX,EBX
   348 000002D8 0F 88 0000008E                  	JS	L106
   349 000002DE                                 L82:
   350 000002DE 8B 41 04                        	MOV	EAX,DWORD [4+ECX]
   351 000002E1 39 45 CC                        	CMP	DWORD [-52+EBP],EAX
   352 000002E4 7E 03                           	JLE	L83
   353 000002E6 89 45 CC                        	MOV	DWORD [-52+EBP],EAX
   354 000002E9                                 L83:
   355 000002E9 8B 41 08                        	MOV	EAX,DWORD [8+ECX]
   356 000002EC 39 45 D4                        	CMP	DWORD [-44+EBP],EAX
   357 000002EF 7E 03                           	JLE	L84
   358 000002F1 89 45 D4                        	MOV	DWORD [-44+EBP],EAX
   359 000002F4                                 L84:
   360 000002F4 3B 5D D4                        	CMP	EBX,DWORD [-44+EBP]
   361 000002F7 7D 59                           	JGE	L100
   362 000002F9                                 L95:
   363 000002F9 8B 71 10                        	MOV	ESI,DWORD [16+ECX]
   364 000002FC 8B 55 E4                        	MOV	EDX,DWORD [-28+EBP]
   365 000002FF 01 DE                           	ADD	ESI,EBX
   366 00000301 3B 55 CC                        	CMP	EDX,DWORD [-52+EBP]
   367 00000304 89 75 E8                        	MOV	DWORD [-24+EBP],ESI
   368 00000307 7D 43                           	JGE	L102
   369 00000309                                 L94:
   370 00000309 89 D8                           	MOV	EAX,EBX
   371 0000030B 8B 79 0C                        	MOV	EDI,DWORD [12+ECX]
   372 0000030E 0F AF 41 04                     	IMUL	EAX,DWORD [4+ECX]
   373 00000312 01 D7                           	ADD	EDI,EDX
   374 00000314 8B 75 E0                        	MOV	ESI,DWORD [-32+EBP]
   375 00000317 01 D0                           	ADD	EAX,EDX
   376 00000319 89 7D EC                        	MOV	DWORD [-20+EBP],EDI
   377 0000031C 8A 04 30                        	MOV	AL,BYTE [EAX+ESI*1]
   378 0000031F 88 45 DF                        	MOV	BYTE [-33+EBP],AL
   379 00000322 0F B6 C0                        	MOVZX	EAX,AL
   380 00000325 3B 41 14                        	CMP	EAX,DWORD [20+ECX]
   381 00000328 74 1C                           	JE	L91
   382 0000032A 8B 7D 08                        	MOV	EDI,DWORD [8+EBP]
   383 0000032D 8B 45 E8                        	MOV	EAX,DWORD [-24+EBP]
   384 00000330 8B 75 D8                        	MOV	ESI,DWORD [-40+EBP]
   385 00000333 0F AF 47 04                     	IMUL	EAX,DWORD [4+EDI]
   386 00000337 03 45 EC                        	ADD	EAX,DWORD [-20+EBP]
   387 0000033A 89 45 D0                        	MOV	DWORD [-48+EBP],EAX
   388 0000033D 8A 45 DF                        	MOV	AL,BYTE [-33+EBP]
   389 00000340 8B 7D D0                        	MOV	EDI,DWORD [-48+EBP]
   390 00000343 88 04 37                        	MOV	BYTE [EDI+ESI*1],AL
   391 00000346                                 L91:
   392 00000346 42                              	INC	EDX
   393 00000347 3B 55 CC                        	CMP	EDX,DWORD [-52+EBP]
   394 0000034A 7C BD                           	JL	L94
   395 0000034C                                 L102:
   396 0000034C 43                              	INC	EBX
   397 0000034D 3B 5D D4                        	CMP	EBX,DWORD [-44+EBP]
   398 00000350 7C A7                           	JL	L95
   399 00000352                                 L100:
   400 00000352 8B 55 08                        	MOV	EDX,DWORD [8+EBP]
   401 00000355 FF 45 F0                        	INC	DWORD [-16+EBP]
   402 00000358 8B 45 F0                        	MOV	EAX,DWORD [-16+EBP]
   403 0000035B 3B 42 0C                        	CMP	EAX,DWORD [12+EDX]
   404 0000035E 0F 8E FFFFFF3A                  	JLE	L96
   405 00000364                                 L98:
   406 00000364 83 C4 28                        	ADD	ESP,40
   407 00000367 5B                              	POP	EBX
   408 00000368 5E                              	POP	ESI
   409 00000369 5F                              	POP	EDI
   410 0000036A 5D                              	POP	EBP
   411 0000036B C3                              	RET
   412 0000036C                                 L106:
   413 0000036C 31 DB                           	XOR	EBX,EBX
   414 0000036E E9 FFFFFF6B                     	JMP	L82
   415 00000373                                 L105:
   416 00000373 C7 45 E4 00000000               	MOV	DWORD [-28+EBP],0
   417 0000037A E9 FFFFFF57                     	JMP	L81
   418 0000037F                                 L104:
   419 0000037F C7 45 10 00000000               	MOV	DWORD [16+EBP],0
   420 00000386 E9 FFFFFEE2                     	JMP	L74
   421 0000038B                                 L103:
   422 0000038B C7 45 0C 00000000               	MOV	DWORD [12+EBP],0
   423 00000392 E9 FFFFFECC                     	JMP	L73
